  Image.cpp
C:\Users\SrTempest\Desktop\C++ Programming\Mandelbrot Set\Pixel.h(95,77): warning C4244: '=': conversion from 'double' to 'int', possible loss of data
C:\Users\SrTempest\Desktop\C++ Programming\Mandelbrot Set\Pixel.h(96,80): warning C4244: '=': conversion from 'double' to 'int', possible loss of data
C:\Users\SrTempest\Desktop\C++ Programming\Mandelbrot Set\Pixel.h(97,95): warning C4244: '=': conversion from 'double' to 'int', possible loss of data
C:\Program Files (x86)\Microsoft Visual Studio\2019\Community\VC\Tools\MSVC\14.26.28801\include\memory(2068,35): error C2661: 'std::tuple<void (__cdecl *)(int,Window<int>,Window<double>,std::ostream &),int *,Window<int> *,Window<double> *,std::basic_ofstream<char,std::char_traits<char>>>::tuple': no overloaded function takes 5 arguments
C:\Program Files (x86)\Microsoft Visual Studio\2019\Community\VC\Tools\MSVC\14.26.28801\include\thread(55): message : see reference to function template instantiation 'std::unique_ptr<_Tuple,std::default_delete<_Tuple>> std::make_unique<_Tuple,void(__cdecl *)(int,Window<int>,Window<double>,std::ostream &),_Ty,Window<int>*,Window<double>*,std::ofstream&,0>(void (__cdecl *&&)(int,Window<int>,Window<double>,std::ostream &),_Ty &&,Window<int> *&&,Window<double> *&&,std::ofstream &)' being compiled
          with
          [
              _Ty=int *
          ]
C:\Users\SrTempest\Desktop\C++ Programming\Mandelbrot Set\Image.cpp(77): message : see reference to function template instantiation 'std::thread::thread<void(__cdecl *)(int,Window<int>,Window<double>,std::ostream &),int*,Window<int>*,Window<double>*,std::ofstream&,0>(_Fn &&,int *&&,Window<int> *&&,Window<double> *&&,std::ofstream &)' being compiled
          with
          [
              _Fn=void (__cdecl *)(int,Window<int>,Window<double>,std::ostream &)
          ]
C:\Program Files (x86)\Microsoft Visual Studio\2019\Community\VC\Tools\MSVC\14.26.28801\include\thread(43,14): error C2672: 'std::invoke': no matching overloaded function found
C:\Program Files (x86)\Microsoft Visual Studio\2019\Community\VC\Tools\MSVC\14.26.28801\include\thread(49): message : see reference to function template instantiation 'unsigned int std::thread::_Invoke<_Tuple,0,1,2,3,4>(void *) noexcept' being compiled
          with
          [
              _Tuple=_Tuple
          ]
C:\Program Files (x86)\Microsoft Visual Studio\2019\Community\VC\Tools\MSVC\14.26.28801\include\thread(55): message : see reference to function template instantiation 'unsigned int (__cdecl *std::thread::_Get_invoke<_Tuple,0,1,2,3,4>(std::integer_sequence<size_t,0,1,2,3,4>) noexcept)(void *)' being compiled
C:\Program Files (x86)\Microsoft Visual Studio\2019\Community\VC\Tools\MSVC\14.26.28801\include\thread(39,5): error C2893: Failed to specialize function template 'unknown-type std::invoke(_Callable &&,_Types &&...) noexcept(<expr>)'
C:\Program Files (x86)\Microsoft Visual Studio\2019\Community\VC\Tools\MSVC\14.26.28801\include\type_traits(1612): message : see declaration of 'std::invoke'
C:\Program Files (x86)\Microsoft Visual Studio\2019\Community\VC\Tools\MSVC\14.26.28801\include\thread(39,5): message : With the following template arguments:
C:\Program Files (x86)\Microsoft Visual Studio\2019\Community\VC\Tools\MSVC\14.26.28801\include\thread(39,5): message : '_Callable=void (__cdecl *)(int,Window<int>,Window<double>,std::ostream &)'
C:\Program Files (x86)\Microsoft Visual Studio\2019\Community\VC\Tools\MSVC\14.26.28801\include\thread(39,5): message : '_Types={int *, Window<int> *, Window<double> *, std::basic_ofstream<char,std::char_traits<char>>}'
